2024-01-29 09:38:37,293 E:\PG DATA SCIENCE\2nd Trimester\Web Development\Hospital_management_app\Doctor\models.py changed, reloading.
2024-01-29 09:38:37,622 E:\PG DATA SCIENCE\2nd Trimester\Web Development\Hospital_management_app\Doctor\models.py changed, reloading.
2024-01-29 09:38:37,658 E:\PG DATA SCIENCE\2nd Trimester\Web Development\Hospital_management_app\Doctor\models.py changed, reloading.
2024-01-29 09:38:37,724 E:\PG DATA SCIENCE\2nd Trimester\Web Development\Hospital_management_app\Doctor\models.py changed, reloading.
2024-01-29 09:38:37,737 E:\PG DATA SCIENCE\2nd Trimester\Web Development\Hospital_management_app\Doctor\models.py changed, reloading.
2024-01-29 09:38:38,378 E:\PG DATA SCIENCE\2nd Trimester\Web Development\Hospital_management_app\Doctor\models.py changed, reloading.
2024-01-29 09:42:20,464 E:\PG DATA SCIENCE\2nd Trimester\Web Development\Hospital_management_app\Patient\forms.py changed, reloading.
2024-01-29 09:42:36,079 Internal Server Error: /ContactUs
Traceback (most recent call last):
  File "C:\Users\Lenovo\AppData\Local\Programs\Python\Python311\Lib\site-packages\django\core\handlers\exception.py", line 55, in inner
    response = get_response(request)
               ^^^^^^^^^^^^^^^^^^^^^
  File "C:\Users\Lenovo\AppData\Local\Programs\Python\Python311\Lib\site-packages\django\core\handlers\base.py", line 197, in _get_response
    response = wrapped_callback(request, *callback_args, **callback_kwargs)
               ^^^^^^^^^^^^^^^^^^^^^^^^^^^^^^^^^^^^^^^^^^^^^^^^^^^^^^^^^^^^
  File "E:\PG DATA SCIENCE\2nd Trimester\Web Development\Hospital_management_app\Admin\views.py", line 644, in contactus
    sub = forms.ContactusForm()
          ^^^^^^^^^^^^^^^^^^^
AttributeError: module 'Admin.forms' has no attribute 'ContactusForm'
2024-01-29 09:42:58,570 Internal Server Error: /ContactUs
Traceback (most recent call last):
  File "C:\Users\Lenovo\AppData\Local\Programs\Python\Python311\Lib\site-packages\django\core\handlers\exception.py", line 55, in inner
    response = get_response(request)
               ^^^^^^^^^^^^^^^^^^^^^
  File "C:\Users\Lenovo\AppData\Local\Programs\Python\Python311\Lib\site-packages\django\core\handlers\base.py", line 197, in _get_response
    response = wrapped_callback(request, *callback_args, **callback_kwargs)
               ^^^^^^^^^^^^^^^^^^^^^^^^^^^^^^^^^^^^^^^^^^^^^^^^^^^^^^^^^^^^
  File "E:\PG DATA SCIENCE\2nd Trimester\Web Development\Hospital_management_app\Admin\views.py", line 644, in contactus
    sub = forms.ContactusForm()
          ^^^^^^^^^^^^^^^^^^^
AttributeError: module 'Admin.forms' has no attribute 'ContactusForm'
2024-01-29 09:43:08,136 Not Found: /assets/img/bg-doctor.png
2024-01-29 09:43:08,140 Not Found: /assets/img/doctors/doctor_1.jpg
2024-01-29 09:43:08,253 Not Found: /assets/img/doctors/doctor_2.jpg
2024-01-29 09:43:08,261 Not Found: /assets/img/doctors/doctor_3.jpg
2024-01-29 09:43:08,273 Not Found: /assets/img/blog/blog_1.jpg
2024-01-29 09:43:08,285 Not Found: /assets/img/person/person_1.jpg
2024-01-29 09:43:08,293 Not Found: /assets/img/blog/blog_2.jpg
2024-01-29 09:43:08,293 Not Found: /assets/img/blog/blog_3.jpg
2024-01-29 09:43:08,309 Not Found: /assets/img/person/person_2.jpg
2024-01-29 09:43:08,322 Not Found: /assets/img/mobile_app.png
2024-01-29 09:43:08,341 Not Found: /assets/img/google_play.svg
2024-01-29 09:43:08,353 Not Found: /assets/img/app_store.svg
2024-01-29 09:43:08,357 Not Found: /assets/img/bg_image_1.jpg
2024-01-29 09:43:08,361 Not Found: /assets/img/banner-pattern.svg
2024-01-29 09:44:36,627 Not Found: /assets/img/bg-doctor.png
2024-01-29 09:44:36,627 Not Found: /assets/img/doctors/doctor_1.jpg
2024-01-29 09:44:36,707 Not Found: /assets/img/doctors/doctor_3.jpg
2024-01-29 09:44:36,716 Not Found: /assets/img/doctors/doctor_2.jpg
2024-01-29 09:44:36,728 Not Found: /assets/img/blog/blog_1.jpg
2024-01-29 09:44:36,733 Not Found: /assets/img/person/person_1.jpg
2024-01-29 09:44:36,758 Not Found: /assets/img/blog/blog_2.jpg
2024-01-29 09:44:36,762 Not Found: /assets/img/blog/blog_3.jpg
2024-01-29 09:44:36,787 Not Found: /assets/img/bg_image_1.jpg
2024-01-29 09:44:36,791 Not Found: /assets/img/person/person_2.jpg
2024-01-29 09:44:36,799 Not Found: /assets/img/mobile_app.png
2024-01-29 09:44:36,808 Not Found: /assets/img/google_play.svg
2024-01-29 09:44:36,812 Not Found: /assets/img/app_store.svg
2024-01-29 09:44:36,816 Not Found: /assets/img/banner-pattern.svg
2024-01-29 09:46:25,516 Internal Server Error: /Patient/patient-home
Traceback (most recent call last):
  File "C:\Users\Lenovo\AppData\Local\Programs\Python\Python311\Lib\site-packages\django\core\handlers\exception.py", line 55, in inner
    response = get_response(request)
               ^^^^^^^^^^^^^^^^^^^^^
  File "C:\Users\Lenovo\AppData\Local\Programs\Python\Python311\Lib\site-packages\django\core\handlers\base.py", line 197, in _get_response
    response = wrapped_callback(request, *callback_args, **callback_kwargs)
               ^^^^^^^^^^^^^^^^^^^^^^^^^^^^^^^^^^^^^^^^^^^^^^^^^^^^^^^^^^^^
  File "E:\PG DATA SCIENCE\2nd Trimester\Web Development\Hospital_management_app\Patient\views.py", line 22, in patient_home
    return render(request, 'patient/patient_home.html')
           ^^^^^^^^^^^^^^^^^^^^^^^^^^^^^^^^^^^^^^^^^^^^
  File "C:\Users\Lenovo\AppData\Local\Programs\Python\Python311\Lib\site-packages\django\shortcuts.py", line 24, in render
    content = loader.render_to_string(template_name, context, request, using=using)
              ^^^^^^^^^^^^^^^^^^^^^^^^^^^^^^^^^^^^^^^^^^^^^^^^^^^^^^^^^^^^^^^^^^^^^
  File "C:\Users\Lenovo\AppData\Local\Programs\Python\Python311\Lib\site-packages\django\template\loader.py", line 62, in render_to_string
    return template.render(context, request)
           ^^^^^^^^^^^^^^^^^^^^^^^^^^^^^^^^^
  File "C:\Users\Lenovo\AppData\Local\Programs\Python\Python311\Lib\site-packages\django\template\backends\django.py", line 61, in render
    return self.template.render(context)
           ^^^^^^^^^^^^^^^^^^^^^^^^^^^^^
  File "C:\Users\Lenovo\AppData\Local\Programs\Python\Python311\Lib\site-packages\django\template\base.py", line 175, in render
    return self._render(context)
           ^^^^^^^^^^^^^^^^^^^^^
  File "C:\Users\Lenovo\AppData\Local\Programs\Python\Python311\Lib\site-packages\django\template\base.py", line 167, in _render
    return self.nodelist.render(context)
           ^^^^^^^^^^^^^^^^^^^^^^^^^^^^^
  File "C:\Users\Lenovo\AppData\Local\Programs\Python\Python311\Lib\site-packages\django\template\base.py", line 1005, in render
    return SafeString("".join([node.render_annotated(context) for node in self]))
                              ^^^^^^^^^^^^^^^^^^^^^^^^^^^^^^^^^^^^^^^^^^^^^^^^^
  File "C:\Users\Lenovo\AppData\Local\Programs\Python\Python311\Lib\site-packages\django\template\base.py", line 1005, in <listcomp>
    return SafeString("".join([node.render_annotated(context) for node in self]))
                               ^^^^^^^^^^^^^^^^^^^^^^^^^^^^^^
  File "C:\Users\Lenovo\AppData\Local\Programs\Python\Python311\Lib\site-packages\django\template\base.py", line 966, in render_annotated
    return self.render(context)
           ^^^^^^^^^^^^^^^^^^^^
  File "C:\Users\Lenovo\AppData\Local\Programs\Python\Python311\Lib\site-packages\django\template\loader_tags.py", line 132, in render
    compiled_parent = self.get_parent(context)
                      ^^^^^^^^^^^^^^^^^^^^^^^^
  File "C:\Users\Lenovo\AppData\Local\Programs\Python\Python311\Lib\site-packages\django\template\loader_tags.py", line 122, in get_parent
    raise TemplateSyntaxError(error_msg)
django.template.exceptions.TemplateSyntaxError: Invalid template name in 'extends' tag: ''. Got this from the 'patient_base.html' variable.
2024-01-29 09:49:03,305 Not Found: /patientclick
2024-01-29 09:51:28,699 Not Found: /patientclick
2024-01-29 09:58:53,453 Internal Server Error: /ContactUs
Traceback (most recent call last):
  File "C:\Users\Lenovo\AppData\Local\Programs\Python\Python311\Lib\site-packages\django\core\handlers\exception.py", line 55, in inner
    response = get_response(request)
               ^^^^^^^^^^^^^^^^^^^^^
  File "C:\Users\Lenovo\AppData\Local\Programs\Python\Python311\Lib\site-packages\django\core\handlers\base.py", line 197, in _get_response
    response = wrapped_callback(request, *callback_args, **callback_kwargs)
               ^^^^^^^^^^^^^^^^^^^^^^^^^^^^^^^^^^^^^^^^^^^^^^^^^^^^^^^^^^^^
  File "E:\PG DATA SCIENCE\2nd Trimester\Web Development\Hospital_management_app\Admin\views.py", line 644, in contactus
    sub = forms.ContactusForm()
          ^^^^^^^^^^^^^^^^^^^
AttributeError: module 'Admin.forms' has no attribute 'ContactusForm'
2024-01-29 09:59:32,926 E:\PG DATA SCIENCE\2nd Trimester\Web Development\Hospital_management_app\Patient\views.py changed, reloading.
2024-01-29 09:59:39,513 E:\PG DATA SCIENCE\2nd Trimester\Web Development\Hospital_management_app\Patient\views.py changed, reloading.
2024-01-29 09:59:45,383 E:\PG DATA SCIENCE\2nd Trimester\Web Development\Hospital_management_app\Patient\views.py changed, reloading.
2024-01-29 09:59:51,864 E:\PG DATA SCIENCE\2nd Trimester\Web Development\Hospital_management_app\Patient\views.py changed, reloading.
2024-01-29 09:59:58,521 E:\PG DATA SCIENCE\2nd Trimester\Web Development\Hospital_management_app\Patient\views.py changed, reloading.
2024-01-29 10:00:03,465 E:\PG DATA SCIENCE\2nd Trimester\Web Development\Hospital_management_app\Patient\views.py changed, reloading.
2024-01-29 10:00:08,203 E:\PG DATA SCIENCE\2nd Trimester\Web Development\Hospital_management_app\Patient\views.py changed, reloading.
2024-01-29 10:02:20,447 E:\PG DATA SCIENCE\2nd Trimester\Web Development\Hospital_management_app\Patient\views.py changed, reloading.
2024-01-29 10:02:29,222 E:\PG DATA SCIENCE\2nd Trimester\Web Development\Hospital_management_app\Patient\views.py changed, reloading.
2024-01-29 10:02:43,270 E:\PG DATA SCIENCE\2nd Trimester\Web Development\Hospital_management_app\Patient\views.py changed, reloading.
2024-01-29 10:07:13,221 E:\PG DATA SCIENCE\2nd Trimester\Web Development\Hospital_management_app\Doctor\views.py changed, reloading.
<<<<<<< HEAD
2024-01-29 10:29:04,391 C:\Users\coolg\OneDrive\Desktop\CAC2\Hospitalmanagementapp\Patient\urls.py changed, reloading.
=======
2024-01-29 10:26:38,134 E:\PG DATA SCIENCE\2nd Trimester\Web Development\Hospital_management_app\Patient\urls.py changed, reloading.
2024-01-29 10:27:40,689 E:\PG DATA SCIENCE\2nd Trimester\Web Development\Hospital_management_app\Patient\views.py changed, reloading.
2024-01-29 10:29:13,386 E:\PG DATA SCIENCE\2nd Trimester\Web Development\Hospital_management_app\Patient\urls.py changed, reloading.
2024-01-29 10:29:21,330 Not Found: /favicon.ico
2024-01-29 10:30:50,025 E:\PG DATA SCIENCE\2nd Trimester\Web Development\Hospital_management_app\Patient\urls.py changed, reloading.
2024-01-29 10:31:59,771 Not Found: /assets/img/bg-doctor.png
2024-01-29 10:31:59,775 Not Found: /assets/img/doctors/doctor_1.jpg
2024-01-29 10:31:59,796 Not Found: /assets/img/doctors/doctor_2.jpg
2024-01-29 10:31:59,804 Not Found: /assets/img/doctors/doctor_3.jpg
2024-01-29 10:31:59,858 Not Found: /assets/img/blog/blog_1.jpg
2024-01-29 10:31:59,863 Not Found: /assets/img/person/person_1.jpg
2024-01-29 10:31:59,867 Not Found: /assets/img/blog/blog_2.jpg
2024-01-29 10:32:00,052 Not Found: /assets/img/person/person_2.jpg
2024-01-29 10:32:00,052 Not Found: /assets/img/blog/blog_3.jpg
2024-01-29 10:32:00,076 Not Found: /assets/img/mobile_app.png
2024-01-29 10:32:00,080 Not Found: /assets/img/google_play.svg
2024-01-29 10:32:00,149 Not Found: /assets/img/app_store.svg
2024-01-29 10:32:00,153 Not Found: /assets/img/banner-pattern.svg
2024-01-29 10:32:11,231 E:\PG DATA SCIENCE\2nd Trimester\Web Development\Hospital_management_app\Patient\urls.py changed, reloading.
>>>>>>> 5efe576f1238db1fcacced1563973f99a5ad3ebb
2024-01-29 10:37:41,026 C:\Users\coolg\OneDrive\Desktop\CAC2\Hospitalmanagementapp\Patient\urls.py changed, reloading.
2024-01-29 10:39:21,921 Not Found: /patientclick
2024-01-29 10:39:26,442 Not Found: /assets/img/doctors/doctor_1.jpg
2024-01-29 10:39:26,445 Not Found: /assets/img/bg-doctor.png
2024-01-29 10:39:26,560 Not Found: /assets/img/doctors/doctor_2.jpg
2024-01-29 10:39:26,564 Not Found: /assets/img/doctors/doctor_3.jpg
2024-01-29 10:39:26,603 Not Found: /assets/img/blog/blog_1.jpg
2024-01-29 10:39:26,605 Not Found: /assets/img/person/person_1.jpg
2024-01-29 10:39:26,607 Not Found: /assets/img/mobile_app.png
2024-01-29 10:39:26,610 Not Found: /assets/img/blog/blog_2.jpg
2024-01-29 10:39:26,616 Not Found: /assets/img/person/person_2.jpg
2024-01-29 10:39:26,624 Not Found: /assets/img/blog/blog_3.jpg
2024-01-29 10:39:26,637 Not Found: /assets/img/google_play.svg
2024-01-29 10:39:26,643 Not Found: /assets/img/app_store.svg
2024-01-29 10:39:26,655 Not Found: /assets/img/doctors/doctor_3.jpg
2024-01-29 10:39:26,658 Not Found: /assets/img/banner-pattern.svg
2024-01-29 10:42:06,234 Internal Server Error: /ContactUs
Traceback (most recent call last):
  File "C:\Users\coolg\AppData\Local\Programs\Python\Python39\lib\site-packages\django\core\handlers\exception.py", line 55, in inner
    response = get_response(request)
  File "C:\Users\coolg\AppData\Local\Programs\Python\Python39\lib\site-packages\django\core\handlers\base.py", line 197, in _get_response
    response = wrapped_callback(request, *callback_args, **callback_kwargs)
  File "C:\Users\coolg\OneDrive\Desktop\CAC2\Hospitalmanagementapp\Admin\views.py", line 644, in contactus
    sub = forms.ContactusForm()
AttributeError: module 'Admin.forms' has no attribute 'ContactusForm'
2024-01-29 10:42:12,880 Not Found: /assets/img/bg-doctor.png
2024-01-29 10:42:12,882 Not Found: /assets/img/doctors/doctor_1.jpg
2024-01-29 10:42:13,001 Not Found: /assets/img/doctors/doctor_2.jpg
2024-01-29 10:42:13,004 Not Found: /assets/img/doctors/doctor_3.jpg
2024-01-29 10:42:13,007 Not Found: /assets/img/blog/blog_3.jpg
2024-01-29 10:42:13,008 Not Found: /assets/img/person/person_1.jpg
2024-01-29 10:42:13,010 Not Found: /assets/img/blog/blog_1.jpg
2024-01-29 10:42:13,012 Not Found: /assets/img/blog/blog_2.jpg
2024-01-29 10:42:13,033 Not Found: /assets/img/person/person_2.jpg
2024-01-29 10:42:13,056 Not Found: /assets/img/mobile_app.png
2024-01-29 10:42:13,067 Not Found: /assets/img/app_store.svg
2024-01-29 10:42:13,070 Not Found: /assets/img/google_play.svg
2024-01-29 10:42:13,072 Not Found: /assets/img/banner-pattern.svg
2024-01-29 10:42:39,894 Not Found: /assets/img/bg-doctor.png
2024-01-29 10:42:39,897 Not Found: /assets/img/doctors/doctor_1.jpg
2024-01-29 10:42:39,992 Not Found: /assets/img/blog/blog_1.jpg
2024-01-29 10:42:39,995 Not Found: /assets/img/person/person_1.jpg
2024-01-29 10:42:39,998 Not Found: /assets/img/doctors/doctor_2.jpg
2024-01-29 10:42:40,002 Not Found: /assets/img/blog/blog_2.jpg
2024-01-29 10:42:40,005 Not Found: /assets/img/blog/blog_3.jpg
2024-01-29 10:42:40,009 Not Found: /assets/img/doctors/doctor_3.jpg
2024-01-29 10:42:40,031 Not Found: /assets/img/mobile_app.png
2024-01-29 10:42:40,041 Not Found: /assets/img/person/person_2.jpg
2024-01-29 10:42:40,043 Not Found: /assets/img/google_play.svg
2024-01-29 10:42:40,047 Not Found: /assets/img/app_store.svg
2024-01-29 10:42:40,049 Not Found: /assets/img/banner-pattern.svg
2024-01-29 10:42:44,955 Not Found: /assets/img/bg-doctor.png
2024-01-29 10:42:44,957 Not Found: /assets/img/doctors/doctor_1.jpg
2024-01-29 10:42:45,007 Not Found: /assets/img/doctors/doctor_2.jpg
2024-01-29 10:42:45,009 Not Found: /assets/img/blog/blog_1.jpg
2024-01-29 10:42:45,010 Not Found: /assets/img/person/person_1.jpg
2024-01-29 10:42:45,012 Not Found: /assets/img/blog/blog_2.jpg
2024-01-29 10:42:45,019 Not Found: /assets/img/doctors/doctor_3.jpg
2024-01-29 10:42:45,022 Not Found: /assets/img/blog/blog_3.jpg
2024-01-29 10:42:45,057 Not Found: /assets/img/app_store.svg
2024-01-29 10:42:45,059 Not Found: /assets/img/person/person_2.jpg
2024-01-29 10:42:45,060 Not Found: /assets/img/mobile_app.png
2024-01-29 10:42:45,061 Not Found: /assets/img/banner-pattern.svg
2024-01-29 10:42:45,063 Not Found: /assets/img/google_play.svg
2024-01-29 10:42:59,136 Not Found: /assets/img/bg-doctor.png
2024-01-29 10:42:59,141 Not Found: /assets/img/doctors/doctor_1.jpg
2024-01-29 10:42:59,206 Not Found: /assets/img/doctors/doctor_2.jpg
2024-01-29 10:42:59,209 Not Found: /assets/img/blog/blog_3.jpg
2024-01-29 10:42:59,216 Not Found: /assets/img/blog/blog_2.jpg
2024-01-29 10:42:59,221 Not Found: /assets/img/blog/blog_1.jpg
2024-01-29 10:42:59,224 Not Found: /assets/img/doctors/doctor_3.jpg
2024-01-29 10:42:59,219 Not Found: /assets/img/person/person_1.jpg
2024-01-29 10:42:59,247 Not Found: /assets/img/person/person_2.jpg
2024-01-29 10:42:59,274 Not Found: /assets/img/app_store.svg
2024-01-29 10:42:59,277 Not Found: /assets/img/mobile_app.png
2024-01-29 10:42:59,278 Not Found: /assets/img/google_play.svg
2024-01-29 10:42:59,280 Not Found: /assets/img/banner-pattern.svg
2024-01-29 10:44:30,369 Not Found: /assets/img/bg-doctor.png
2024-01-29 10:44:30,371 Not Found: /assets/img/doctors/doctor_1.jpg
2024-01-29 10:44:30,439 Not Found: /assets/img/blog/blog_2.jpg
2024-01-29 10:44:30,441 Not Found: /assets/img/doctors/doctor_2.jpg
2024-01-29 10:44:30,444 Not Found: /assets/img/blog/blog_3.jpg
2024-01-29 10:44:30,446 Not Found: /assets/img/blog/blog_1.jpg
2024-01-29 10:44:30,449 Not Found: /assets/img/person/person_1.jpg
2024-01-29 10:44:30,454 Not Found: /assets/img/doctors/doctor_3.jpg
2024-01-29 10:44:30,483 Not Found: /assets/img/mobile_app.png
2024-01-29 10:44:30,491 Not Found: /assets/img/person/person_2.jpg
2024-01-29 10:44:30,493 Not Found: /assets/img/google_play.svg
2024-01-29 10:44:30,496 Not Found: /assets/img/app_store.svg
2024-01-29 10:44:30,501 Not Found: /assets/img/banner-pattern.svg
2024-01-29 10:48:12,148 Not Found: /assets/img/bg-doctor.png
2024-01-29 10:48:12,149 Not Found: /assets/img/doctors/doctor_1.jpg
2024-01-29 10:48:12,306 Not Found: /assets/img/doctors/doctor_2.jpg
2024-01-29 10:48:12,308 Not Found: /assets/img/person/person_1.jpg
2024-01-29 10:48:12,309 Not Found: /assets/img/blog/blog_2.jpg
2024-01-29 10:48:12,311 Not Found: /assets/img/blog/blog_1.jpg
2024-01-29 10:48:12,312 Not Found: /assets/img/blog/blog_3.jpg
2024-01-29 10:48:12,314 Not Found: /assets/img/doctors/doctor_3.jpg
2024-01-29 10:48:12,346 Not Found: /assets/img/google_play.svg
2024-01-29 10:48:12,348 Not Found: /assets/img/app_store.svg
2024-01-29 10:48:12,350 Not Found: /assets/img/banner-pattern.svg
2024-01-29 10:48:12,351 Not Found: /assets/img/mobile_app.png
2024-01-29 10:48:12,353 Not Found: /assets/img/person/person_2.jpg
2024-01-29 10:48:13,752 Not Found: /assets/img/bg-doctor.png
2024-01-29 10:48:13,753 Not Found: /assets/img/doctors/doctor_1.jpg
2024-01-29 10:48:13,796 Not Found: /assets/img/doctors/doctor_2.jpg
2024-01-29 10:48:13,797 Not Found: /assets/img/person/person_1.jpg
2024-01-29 10:48:13,799 Not Found: /assets/img/blog/blog_1.jpg
2024-01-29 10:48:13,801 Not Found: /assets/img/blog/blog_2.jpg
2024-01-29 10:48:13,802 Not Found: /assets/img/blog/blog_3.jpg
2024-01-29 10:48:13,805 Not Found: /assets/img/doctors/doctor_3.jpg
2024-01-29 10:48:13,825 Not Found: /assets/img/person/person_2.jpg
2024-01-29 10:48:13,832 Not Found: /assets/img/mobile_app.png
2024-01-29 10:48:13,838 Not Found: /assets/img/google_play.svg
2024-01-29 10:48:13,843 Not Found: /assets/img/app_store.svg
2024-01-29 10:48:13,846 Not Found: /assets/img/banner-pattern.svg
2024-01-29 10:48:14,780 Not Found: /assets/img/blog/blog_1.jpg
2024-01-29 10:48:14,791 Not Found: /assets/img/person/person_1.jpg
2024-01-29 10:48:14,947 Not Found: /assets/img/blog/blog_3.jpg
2024-01-29 10:48:14,949 Not Found: /assets/img/person/person_3.jpg
2024-01-29 10:48:14,950 Not Found: /assets/img/person/person_4.jpg
2024-01-29 10:48:14,952 Not Found: /assets/img/blog/blog_2.jpg
2024-01-29 10:48:14,954 Not Found: /assets/img/blog/blog_4.jpg
2024-01-29 10:48:14,955 Not Found: /assets/img/blog/blog_5.jpg
2024-01-29 10:48:14,983 Not Found: /assets/img/bg_image_1.jpg
2024-01-29 10:48:14,986 Not Found: /assets/img/person/person_2.jpg
2024-01-29 10:48:15,001 Not Found: /assets/img/mobile_app.png
2024-01-29 10:48:15,016 Not Found: /assets/img/app_store.svg
2024-01-29 10:48:15,020 Not Found: /assets/img/google_play.svg
2024-01-29 10:48:15,027 Not Found: /assets/img/blog/blog_1.jpg
2024-01-29 10:48:15,031 Not Found: /assets/img/person/person_1.jpg
2024-01-29 10:48:15,033 Not Found: /assets/img/banner-pattern.svg
2024-01-29 11:12:11,258 C:\Users\coolg\OneDrive\Desktop\CAC2\Hospitalmanagementapp\Doctor\views.py changed, reloading.
2024-01-29 11:12:22,158 C:\Users\coolg\OneDrive\Desktop\CAC2\Hospitalmanagementapp\Doctor\views.py changed, reloading.
2024-01-29 11:12:26,291 C:\Users\coolg\OneDrive\Desktop\CAC2\Hospitalmanagementapp\Doctor\views.py changed, reloading.
2024-01-29 11:12:30,345 C:\Users\coolg\OneDrive\Desktop\CAC2\Hospitalmanagementapp\Doctor\views.py changed, reloading.
2024-01-29 11:12:34,359 C:\Users\coolg\OneDrive\Desktop\CAC2\Hospitalmanagementapp\Doctor\views.py changed, reloading.
2024-01-29 11:12:38,599 C:\Users\coolg\OneDrive\Desktop\CAC2\Hospitalmanagementapp\Doctor\views.py changed, reloading.
2024-01-29 11:12:44,756 C:\Users\coolg\OneDrive\Desktop\CAC2\Hospitalmanagementapp\Doctor\views.py changed, reloading.
2024-01-29 11:12:48,083 C:\Users\coolg\OneDrive\Desktop\CAC2\Hospitalmanagementapp\Doctor\views.py changed, reloading.
2024-01-29 11:12:53,582 C:\Users\coolg\OneDrive\Desktop\CAC2\Hospitalmanagementapp\Doctor\views.py changed, reloading.
2024-01-29 11:12:58,038 C:\Users\coolg\OneDrive\Desktop\CAC2\Hospitalmanagementapp\Doctor\views.py changed, reloading.
2024-01-29 11:13:02,514 C:\Users\coolg\OneDrive\Desktop\CAC2\Hospitalmanagementapp\Doctor\views.py changed, reloading.
2024-01-29 11:13:10,143 C:\Users\coolg\OneDrive\Desktop\CAC2\Hospitalmanagementapp\Doctor\views.py changed, reloading.
2024-01-29 11:13:33,887 C:\Users\coolg\OneDrive\Desktop\CAC2\Hospitalmanagementapp\Doctor\views.py changed, reloading.
2024-01-29 11:13:45,765 C:\Users\coolg\OneDrive\Desktop\CAC2\Hospitalmanagementapp\Doctor\views.py changed, reloading.
2024-01-29 11:13:51,300 C:\Users\coolg\OneDrive\Desktop\CAC2\Hospitalmanagementapp\Doctor\views.py changed, reloading.
2024-01-29 11:13:55,782 C:\Users\coolg\OneDrive\Desktop\CAC2\Hospitalmanagementapp\Doctor\views.py changed, reloading.
2024-01-29 11:14:10,872 C:\Users\coolg\OneDrive\Desktop\CAC2\Hospitalmanagementapp\Doctor\urls.py changed, reloading.
2024-01-29 11:14:15,251 C:\Users\coolg\OneDrive\Desktop\CAC2\Hospitalmanagementapp\Doctor\urls.py changed, reloading.
2024-01-29 11:14:22,514 C:\Users\coolg\OneDrive\Desktop\CAC2\Hospitalmanagementapp\Doctor\urls.py changed, reloading.
2024-01-29 11:14:26,525 C:\Users\coolg\OneDrive\Desktop\CAC2\Hospitalmanagementapp\Doctor\urls.py changed, reloading.
2024-01-29 11:14:32,807 C:\Users\coolg\OneDrive\Desktop\CAC2\Hospitalmanagementapp\Doctor\urls.py changed, reloading.
2024-01-29 11:15:04,704 C:\Users\coolg\OneDrive\Desktop\CAC2\Hospitalmanagementapp\Doctor\urls.py changed, reloading.
2024-01-29 11:15:10,944 C:\Users\coolg\OneDrive\Desktop\CAC2\Hospitalmanagementapp\Doctor\urls.py changed, reloading.
2024-01-29 11:15:14,399 C:\Users\coolg\OneDrive\Desktop\CAC2\Hospitalmanagementapp\Doctor\urls.py changed, reloading.
2024-01-29 11:15:17,355 C:\Users\coolg\OneDrive\Desktop\CAC2\Hospitalmanagementapp\Doctor\urls.py changed, reloading.
2024-01-29 11:15:21,842 C:\Users\coolg\OneDrive\Desktop\CAC2\Hospitalmanagementapp\Doctor\urls.py changed, reloading.
2024-01-29 11:15:25,004 C:\Users\coolg\OneDrive\Desktop\CAC2\Hospitalmanagementapp\Doctor\urls.py changed, reloading.
2024-01-29 11:15:30,469 C:\Users\coolg\OneDrive\Desktop\CAC2\Hospitalmanagementapp\Doctor\urls.py changed, reloading.
2024-01-29 11:17:15,793 Internal Server Error: /Doctor/Register
Traceback (most recent call last):
  File "C:\Users\coolg\AppData\Local\Programs\Python\Python39\lib\site-packages\django\core\handlers\exception.py", line 55, in inner
    response = get_response(request)
  File "C:\Users\coolg\AppData\Local\Programs\Python\Python39\lib\site-packages\django\core\handlers\base.py", line 197, in _get_response
    response = wrapped_callback(request, *callback_args, **callback_kwargs)
  File "C:\Users\coolg\OneDrive\Desktop\CAC2\Hospitalmanagementapp\Doctor\views.py", line 71, in Register
    return render(request,"Doctor/login.html",{
  File "C:\Users\coolg\AppData\Local\Programs\Python\Python39\lib\site-packages\django\shortcuts.py", line 24, in render
    content = loader.render_to_string(template_name, context, request, using=using)
  File "C:\Users\coolg\AppData\Local\Programs\Python\Python39\lib\site-packages\django\template\loader.py", line 62, in render_to_string
    return template.render(context, request)
  File "C:\Users\coolg\AppData\Local\Programs\Python\Python39\lib\site-packages\django\template\backends\django.py", line 62, in render
    return self.template.render(context)
  File "C:\Users\coolg\AppData\Local\Programs\Python\Python39\lib\site-packages\django\template\base.py", line 175, in render
    return self._render(context)
  File "C:\Users\coolg\AppData\Local\Programs\Python\Python39\lib\site-packages\django\template\base.py", line 167, in _render
    return self.nodelist.render(context)
  File "C:\Users\coolg\AppData\Local\Programs\Python\Python39\lib\site-packages\django\template\base.py", line 1005, in render
    return SafeString("".join([node.render_annotated(context) for node in self]))
  File "C:\Users\coolg\AppData\Local\Programs\Python\Python39\lib\site-packages\django\template\base.py", line 1005, in <listcomp>
    return SafeString("".join([node.render_annotated(context) for node in self]))
  File "C:\Users\coolg\AppData\Local\Programs\Python\Python39\lib\site-packages\django\template\base.py", line 966, in render_annotated
    return self.render(context)
  File "C:\Users\coolg\AppData\Local\Programs\Python\Python39\lib\site-packages\django\template\loader_tags.py", line 157, in render
    return compiled_parent._render(context)
  File "C:\Users\coolg\AppData\Local\Programs\Python\Python39\lib\site-packages\django\template\base.py", line 167, in _render
    return self.nodelist.render(context)
  File "C:\Users\coolg\AppData\Local\Programs\Python\Python39\lib\site-packages\django\template\base.py", line 1005, in render
    return SafeString("".join([node.render_annotated(context) for node in self]))
  File "C:\Users\coolg\AppData\Local\Programs\Python\Python39\lib\site-packages\django\template\base.py", line 1005, in <listcomp>
    return SafeString("".join([node.render_annotated(context) for node in self]))
  File "C:\Users\coolg\AppData\Local\Programs\Python\Python39\lib\site-packages\django\template\base.py", line 966, in render_annotated
    return self.render(context)
  File "C:\Users\coolg\AppData\Local\Programs\Python\Python39\lib\site-packages\django\template\loader_tags.py", line 63, in render
    result = block.nodelist.render(context)
  File "C:\Users\coolg\AppData\Local\Programs\Python\Python39\lib\site-packages\django\template\base.py", line 1005, in render
    return SafeString("".join([node.render_annotated(context) for node in self]))
  File "C:\Users\coolg\AppData\Local\Programs\Python\Python39\lib\site-packages\django\template\base.py", line 1005, in <listcomp>
    return SafeString("".join([node.render_annotated(context) for node in self]))
  File "C:\Users\coolg\AppData\Local\Programs\Python\Python39\lib\site-packages\django\template\base.py", line 966, in render_annotated
    return self.render(context)
  File "C:\Users\coolg\AppData\Local\Programs\Python\Python39\lib\site-packages\django\template\defaulttags.py", line 472, in render
    url = reverse(view_name, args=args, kwargs=kwargs, current_app=current_app)
  File "C:\Users\coolg\AppData\Local\Programs\Python\Python39\lib\site-packages\django\urls\base.py", line 88, in reverse
    return resolver._reverse_with_prefix(view, prefix, *args, **kwargs)
  File "C:\Users\coolg\AppData\Local\Programs\Python\Python39\lib\site-packages\django\urls\resolvers.py", line 828, in _reverse_with_prefix
    raise NoReverseMatch(msg)
django.urls.exceptions.NoReverseMatch: Reverse for 'signUp' not found. 'signUp' is not a valid view function or pattern name.
2024-01-29 11:17:30,728 Internal Server Error: /Doctor/Register
Traceback (most recent call last):
  File "C:\Users\coolg\AppData\Local\Programs\Python\Python39\lib\site-packages\django\core\handlers\exception.py", line 55, in inner
    response = get_response(request)
  File "C:\Users\coolg\AppData\Local\Programs\Python\Python39\lib\site-packages\django\core\handlers\base.py", line 197, in _get_response
    response = wrapped_callback(request, *callback_args, **callback_kwargs)
  File "C:\Users\coolg\OneDrive\Desktop\CAC2\Hospitalmanagementapp\Doctor\views.py", line 71, in Register
    return render(request,"Doctor/login.html",{
  File "C:\Users\coolg\AppData\Local\Programs\Python\Python39\lib\site-packages\django\shortcuts.py", line 24, in render
    content = loader.render_to_string(template_name, context, request, using=using)
  File "C:\Users\coolg\AppData\Local\Programs\Python\Python39\lib\site-packages\django\template\loader.py", line 62, in render_to_string
    return template.render(context, request)
  File "C:\Users\coolg\AppData\Local\Programs\Python\Python39\lib\site-packages\django\template\backends\django.py", line 62, in render
    return self.template.render(context)
  File "C:\Users\coolg\AppData\Local\Programs\Python\Python39\lib\site-packages\django\template\base.py", line 175, in render
    return self._render(context)
  File "C:\Users\coolg\AppData\Local\Programs\Python\Python39\lib\site-packages\django\template\base.py", line 167, in _render
    return self.nodelist.render(context)
  File "C:\Users\coolg\AppData\Local\Programs\Python\Python39\lib\site-packages\django\template\base.py", line 1005, in render
    return SafeString("".join([node.render_annotated(context) for node in self]))
  File "C:\Users\coolg\AppData\Local\Programs\Python\Python39\lib\site-packages\django\template\base.py", line 1005, in <listcomp>
    return SafeString("".join([node.render_annotated(context) for node in self]))
  File "C:\Users\coolg\AppData\Local\Programs\Python\Python39\lib\site-packages\django\template\base.py", line 966, in render_annotated
    return self.render(context)
  File "C:\Users\coolg\AppData\Local\Programs\Python\Python39\lib\site-packages\django\template\loader_tags.py", line 157, in render
    return compiled_parent._render(context)
  File "C:\Users\coolg\AppData\Local\Programs\Python\Python39\lib\site-packages\django\template\base.py", line 167, in _render
    return self.nodelist.render(context)
  File "C:\Users\coolg\AppData\Local\Programs\Python\Python39\lib\site-packages\django\template\base.py", line 1005, in render
    return SafeString("".join([node.render_annotated(context) for node in self]))
  File "C:\Users\coolg\AppData\Local\Programs\Python\Python39\lib\site-packages\django\template\base.py", line 1005, in <listcomp>
    return SafeString("".join([node.render_annotated(context) for node in self]))
  File "C:\Users\coolg\AppData\Local\Programs\Python\Python39\lib\site-packages\django\template\base.py", line 966, in render_annotated
    return self.render(context)
  File "C:\Users\coolg\AppData\Local\Programs\Python\Python39\lib\site-packages\django\template\loader_tags.py", line 63, in render
    result = block.nodelist.render(context)
  File "C:\Users\coolg\AppData\Local\Programs\Python\Python39\lib\site-packages\django\template\base.py", line 1005, in render
    return SafeString("".join([node.render_annotated(context) for node in self]))
  File "C:\Users\coolg\AppData\Local\Programs\Python\Python39\lib\site-packages\django\template\base.py", line 1005, in <listcomp>
    return SafeString("".join([node.render_annotated(context) for node in self]))
  File "C:\Users\coolg\AppData\Local\Programs\Python\Python39\lib\site-packages\django\template\base.py", line 966, in render_annotated
    return self.render(context)
  File "C:\Users\coolg\AppData\Local\Programs\Python\Python39\lib\site-packages\django\template\defaulttags.py", line 472, in render
    url = reverse(view_name, args=args, kwargs=kwargs, current_app=current_app)
  File "C:\Users\coolg\AppData\Local\Programs\Python\Python39\lib\site-packages\django\urls\base.py", line 88, in reverse
    return resolver._reverse_with_prefix(view, prefix, *args, **kwargs)
  File "C:\Users\coolg\AppData\Local\Programs\Python\Python39\lib\site-packages\django\urls\resolvers.py", line 828, in _reverse_with_prefix
    raise NoReverseMatch(msg)
django.urls.exceptions.NoReverseMatch: Reverse for 'signUp' not found. 'signUp' is not a valid view function or pattern name.
2024-01-29 11:20:06,970 C:\Users\coolg\OneDrive\Desktop\CAC2\Hospitalmanagementapp\Doctor\views.py changed, reloading.
2024-01-29 11:20:13,310 C:\Users\coolg\OneDrive\Desktop\CAC2\Hospitalmanagementapp\Doctor\urls.py changed, reloading.
2024-01-29 11:43:33,669 Not Found: /assets/img/doctors/doctor_1.jpg
2024-01-29 11:43:33,681 Not Found: /assets/img/bg-doctor.png
2024-01-29 11:43:33,873 Not Found: /assets/img/doctors/doctor_2.jpg
2024-01-29 11:43:33,877 Not Found: /assets/img/doctors/doctor_3.jpg
2024-01-29 11:43:33,885 Not Found: /assets/img/blog/blog_2.jpg
2024-01-29 11:43:33,889 Not Found: /assets/img/blog/blog_1.jpg
2024-01-29 11:43:33,893 Not Found: /assets/img/blog/blog_3.jpg
2024-01-29 11:43:33,897 Not Found: /assets/img/person/person_1.jpg
2024-01-29 11:43:33,945 Not Found: /assets/img/person/person_2.jpg
2024-01-29 11:43:33,961 Not Found: /assets/img/mobile_app.png
2024-01-29 11:43:33,977 Not Found: /assets/img/google_play.svg
2024-01-29 11:43:33,989 Not Found: /assets/img/app_store.svg
2024-01-29 11:43:33,997 Not Found: /assets/img/banner-pattern.svg
2024-01-29 11:58:00,032 C:\Users\coolg\OneDrive\Desktop\CAC2\Hospitalmanagementapp\Doctor\urls.py changed, reloading.
2024-01-29 11:58:05,909 C:\Users\coolg\OneDrive\Desktop\CAC2\Hospitalmanagementapp\Doctor\urls.py changed, reloading.
2024-01-29 11:58:11,685 C:\Users\coolg\OneDrive\Desktop\CAC2\Hospitalmanagementapp\Doctor\urls.py changed, reloading.
2024-01-29 12:03:10,200 Forbidden (CSRF token from POST incorrect.): /Doctor/Register
2024-01-29 12:03:16,542 Forbidden (Origin checking failed - null does not match any trusted origins.): /Doctor/Register
2024-01-29 12:03:35,660 Not Found: /assets/img/bg-doctor.png
2024-01-29 12:03:35,664 Not Found: /assets/img/doctors/doctor_1.jpg
2024-01-29 12:03:35,933 Not Found: /assets/img/doctors/doctor_2.jpg
2024-01-29 12:03:35,937 Not Found: /assets/img/doctors/doctor_3.jpg
2024-01-29 12:03:35,973 Not Found: /assets/img/blog/blog_1.jpg
2024-01-29 12:03:36,009 Not Found: /assets/img/blog/blog_2.jpg
2024-01-29 12:03:36,013 Not Found: /assets/img/person/person_1.jpg
2024-01-29 12:03:36,021 Not Found: /assets/img/mobile_app.png
2024-01-29 12:03:36,033 Not Found: /assets/img/blog/blog_3.jpg
2024-01-29 12:03:36,041 Not Found: /assets/img/person/person_2.jpg
2024-01-29 12:03:36,065 Not Found: /assets/img/google_play.svg
2024-01-29 12:03:36,077 Not Found: /assets/img/app_store.svg
2024-01-29 12:03:36,085 Not Found: /assets/img/banner-pattern.svg
2024-01-29 12:03:38,677 Not Found: /assets/img/bg-doctor.png
2024-01-29 12:03:38,681 Not Found: /assets/img/doctors/doctor_1.jpg
2024-01-29 12:03:38,757 Not Found: /assets/img/blog/blog_1.jpg
2024-01-29 12:03:38,761 Not Found: /assets/img/doctors/doctor_2.jpg
2024-01-29 12:03:38,765 Not Found: /assets/img/doctors/doctor_3.jpg
2024-01-29 12:03:38,769 Not Found: /assets/img/person/person_1.jpg
2024-01-29 12:03:38,773 Not Found: /assets/img/blog/blog_2.jpg
2024-01-29 12:03:38,789 Not Found: /assets/img/blog/blog_3.jpg
2024-01-29 12:03:38,829 Not Found: /assets/img/person/person_2.jpg
2024-01-29 12:03:38,857 Not Found: /assets/img/mobile_app.png
2024-01-29 12:03:38,857 Not Found: /assets/img/google_play.svg
2024-01-29 12:03:38,865 Not Found: /assets/img/app_store.svg
2024-01-29 12:03:38,873 Not Found: /assets/img/banner-pattern.svg
2024-01-29 12:07:10,008 Internal Server Error: /Doctor/login/
Traceback (most recent call last):
  File "C:\Users\coolg\AppData\Local\Programs\Python\Python39\lib\site-packages\django\core\handlers\exception.py", line 55, in inner
    response = get_response(request)
  File "C:\Users\coolg\AppData\Local\Programs\Python\Python39\lib\site-packages\django\core\handlers\base.py", line 220, in _get_response
    response = response.render()
  File "C:\Users\coolg\AppData\Local\Programs\Python\Python39\lib\site-packages\django\template\response.py", line 114, in render
    self.content = self.rendered_content
  File "C:\Users\coolg\AppData\Local\Programs\Python\Python39\lib\site-packages\django\template\response.py", line 90, in rendered_content
    template = self.resolve_template(self.template_name)
  File "C:\Users\coolg\AppData\Local\Programs\Python\Python39\lib\site-packages\django\template\response.py", line 72, in resolve_template
    return select_template(template, using=self.using)
  File "C:\Users\coolg\AppData\Local\Programs\Python\Python39\lib\site-packages\django\template\loader.py", line 47, in select_template
    raise TemplateDoesNotExist(", ".join(template_name_list), chain=chain)
django.template.exceptions.TemplateDoesNotExist: registration/login.html
2024-01-29 12:07:59,412 C:\Users\coolg\OneDrive\Desktop\CAC2\Hospitalmanagementapp\Doctor\views.py changed, reloading.
2024-01-29 12:08:03,340 Internal Server Error: /Doctor/login/
Traceback (most recent call last):
  File "C:\Users\coolg\AppData\Local\Programs\Python\Python39\lib\site-packages\django\core\handlers\exception.py", line 55, in inner
    response = get_response(request)
  File "C:\Users\coolg\AppData\Local\Programs\Python\Python39\lib\site-packages\django\core\handlers\base.py", line 220, in _get_response
    response = response.render()
  File "C:\Users\coolg\AppData\Local\Programs\Python\Python39\lib\site-packages\django\template\response.py", line 114, in render
    self.content = self.rendered_content
  File "C:\Users\coolg\AppData\Local\Programs\Python\Python39\lib\site-packages\django\template\response.py", line 90, in rendered_content
    template = self.resolve_template(self.template_name)
  File "C:\Users\coolg\AppData\Local\Programs\Python\Python39\lib\site-packages\django\template\response.py", line 72, in resolve_template
    return select_template(template, using=self.using)
  File "C:\Users\coolg\AppData\Local\Programs\Python\Python39\lib\site-packages\django\template\loader.py", line 47, in select_template
    raise TemplateDoesNotExist(", ".join(template_name_list), chain=chain)
django.template.exceptions.TemplateDoesNotExist: registration/login.html
2024-01-29 12:08:07,179 Internal Server Error: /Doctor/Login
Traceback (most recent call last):
  File "C:\Users\coolg\AppData\Local\Programs\Python\Python39\lib\site-packages\django\core\handlers\exception.py", line 55, in inner
    response = get_response(request)
  File "C:\Users\coolg\AppData\Local\Programs\Python\Python39\lib\site-packages\django\core\handlers\base.py", line 204, in _get_response
    self.check_response(response, callback)
  File "C:\Users\coolg\AppData\Local\Programs\Python\Python39\lib\site-packages\django\core\handlers\base.py", line 332, in check_response
    raise ValueError(
ValueError: The view Doctor.views.Login didn't return an HttpResponse object. It returned None instead.
2024-01-29 12:08:13,419 Internal Server Error: /Doctor/Login
Traceback (most recent call last):
  File "C:\Users\coolg\AppData\Local\Programs\Python\Python39\lib\site-packages\django\core\handlers\exception.py", line 55, in inner
    response = get_response(request)
  File "C:\Users\coolg\AppData\Local\Programs\Python\Python39\lib\site-packages\django\core\handlers\base.py", line 204, in _get_response
    self.check_response(response, callback)
  File "C:\Users\coolg\AppData\Local\Programs\Python\Python39\lib\site-packages\django\core\handlers\base.py", line 332, in check_response
    raise ValueError(
ValueError: The view Doctor.views.Login didn't return an HttpResponse object. It returned None instead.
2024-01-29 12:08:18,593 Not Found: /Doctor/
2024-01-29 12:08:28,418 Not Found: /assets/img/bg-doctor.png
2024-01-29 12:08:28,426 Not Found: /assets/img/doctors/doctor_1.jpg
2024-01-29 12:08:28,671 Not Found: /assets/img/doctors/doctor_2.jpg
2024-01-29 12:08:28,679 Not Found: /assets/img/doctors/doctor_3.jpg
2024-01-29 12:08:28,718 Not Found: /assets/img/blog/blog_1.jpg
2024-01-29 12:08:28,758 Not Found: /assets/img/blog/blog_2.jpg
2024-01-29 12:08:28,762 Not Found: /assets/img/mobile_app.png
2024-01-29 12:08:28,766 Not Found: /assets/img/person/person_2.jpg
2024-01-29 12:08:28,770 Not Found: /assets/img/person/person_1.jpg
2024-01-29 12:08:28,774 Not Found: /assets/img/blog/blog_3.jpg
2024-01-29 12:08:28,806 Not Found: /assets/img/google_play.svg
2024-01-29 12:08:28,814 Not Found: /assets/img/app_store.svg
2024-01-29 12:08:28,862 Not Found: /assets/img/banner-pattern.svg
2024-01-29 12:08:33,937 Internal Server Error: /Doctor/Login
Traceback (most recent call last):
  File "C:\Users\coolg\AppData\Local\Programs\Python\Python39\lib\site-packages\django\core\handlers\exception.py", line 55, in inner
    response = get_response(request)
  File "C:\Users\coolg\AppData\Local\Programs\Python\Python39\lib\site-packages\django\core\handlers\base.py", line 204, in _get_response
    self.check_response(response, callback)
  File "C:\Users\coolg\AppData\Local\Programs\Python\Python39\lib\site-packages\django\core\handlers\base.py", line 332, in check_response
    raise ValueError(
ValueError: The view Doctor.views.Login didn't return an HttpResponse object. It returned None instead.
2024-01-29 12:08:39,726 Internal Server Error: /Doctor/Login
Traceback (most recent call last):
  File "C:\Users\coolg\AppData\Local\Programs\Python\Python39\lib\site-packages\django\core\handlers\exception.py", line 55, in inner
    response = get_response(request)
  File "C:\Users\coolg\AppData\Local\Programs\Python\Python39\lib\site-packages\django\core\handlers\base.py", line 204, in _get_response
    self.check_response(response, callback)
  File "C:\Users\coolg\AppData\Local\Programs\Python\Python39\lib\site-packages\django\core\handlers\base.py", line 332, in check_response
    raise ValueError(
ValueError: The view Doctor.views.Login didn't return an HttpResponse object. It returned None instead.
2024-01-29 12:08:47,992 C:\Users\coolg\OneDrive\Desktop\CAC2\Hospitalmanagementapp\Doctor\views.py changed, reloading.
2024-01-29 12:09:10,767 Internal Server Error: /Doctor/login/
Traceback (most recent call last):
  File "C:\Users\coolg\AppData\Local\Programs\Python\Python39\lib\site-packages\django\core\handlers\exception.py", line 55, in inner
    response = get_response(request)
  File "C:\Users\coolg\AppData\Local\Programs\Python\Python39\lib\site-packages\django\core\handlers\base.py", line 220, in _get_response
    response = response.render()
  File "C:\Users\coolg\AppData\Local\Programs\Python\Python39\lib\site-packages\django\template\response.py", line 114, in render
    self.content = self.rendered_content
  File "C:\Users\coolg\AppData\Local\Programs\Python\Python39\lib\site-packages\django\template\response.py", line 90, in rendered_content
    template = self.resolve_template(self.template_name)
  File "C:\Users\coolg\AppData\Local\Programs\Python\Python39\lib\site-packages\django\template\response.py", line 72, in resolve_template
    return select_template(template, using=self.using)
  File "C:\Users\coolg\AppData\Local\Programs\Python\Python39\lib\site-packages\django\template\loader.py", line 47, in select_template
    raise TemplateDoesNotExist(", ".join(template_name_list), chain=chain)
django.template.exceptions.TemplateDoesNotExist: registration/login.html
2024-01-29 12:19:25,107 C:\Users\coolg\OneDrive\Desktop\CAC2\Hospitalmanagementapp\Doctor\models.py changed, reloading.
2024-01-29 12:19:32,517 C:\Users\coolg\OneDrive\Desktop\CAC2\Hospitalmanagementapp\Doctor\models.py changed, reloading.
2024-01-29 12:20:10,261 C:\Users\coolg\OneDrive\Desktop\CAC2\Hospitalmanagementapp\Doctor\models.py changed, reloading.
2024-01-29 12:21:20,789 C:\Users\coolg\OneDrive\Desktop\CAC2\Hospitalmanagementapp\Doctor\models.py changed, reloading.
2024-01-29 12:24:02,000 C:\Users\coolg\OneDrive\Desktop\CAC2\Hospitalmanagementapp\Doctor\models.py changed, reloading.
2024-01-29 12:25:49,362 C:\Users\coolg\OneDrive\Desktop\CAC2\Hospitalmanagementapp\Doctor\models.py changed, reloading.
2024-01-29 12:25:55,290 C:\Users\coolg\OneDrive\Desktop\CAC2\Hospitalmanagementapp\Doctor\models.py changed, reloading.
2024-01-29 12:27:23,658 C:\Users\coolg\OneDrive\Desktop\CAC2\Hospitalmanagementapp\Doctor\models.py changed, reloading.
2024-01-29 12:27:33,055 C:\Users\coolg\OneDrive\Desktop\CAC2\Hospitalmanagementapp\Doctor\models.py changed, reloading.
2024-01-29 12:27:38,822 C:\Users\coolg\OneDrive\Desktop\CAC2\Hospitalmanagementapp\Doctor\models.py changed, reloading.
2024-01-29 12:27:47,201 C:\Users\coolg\OneDrive\Desktop\CAC2\Hospitalmanagementapp\Doctor\models.py changed, reloading.
2024-01-29 12:28:11,638 C:\Users\coolg\OneDrive\Desktop\CAC2\Hospitalmanagementapp\Doctor\models.py changed, reloading.
2024-01-29 12:29:00,903 C:\Users\coolg\OneDrive\Desktop\CAC2\Hospitalmanagementapp\Doctor\models.py changed, reloading.
2024-01-29 12:29:09,796 C:\Users\coolg\OneDrive\Desktop\CAC2\Hospitalmanagementapp\Doctor\models.py changed, reloading.
2024-01-29 12:29:15,659 C:\Users\coolg\OneDrive\Desktop\CAC2\Hospitalmanagementapp\Doctor\models.py changed, reloading.
